
ROM used: 2474 (30%)
          2478 (30%) including unused fragments

          2 Average locations per line
          8 Average locations per statement

RAM used: 29 (8%) at main() level
          69 (19%) worst case

Stack used: 4 worst case (out of 8 total available)

Lines Stmts  %   Files
----- ----- ---  -----
   96    58  19  Grafik LCD Uygulamasý.c
  282     0   0  ..\..\..\..\..\..\Program Files (x86)\PICC\devices\16f877.h
  351    74  25  ..\..\..\..\..\..\Program Files (x86)\PICC\drivers\HDM64GS12.c
  556   167  56  ..\..\..\..\..\..\Program Files (x86)\PICC\drivers\graphics.c
----- -----
 1285   299 Total

Page ROM  %  RAM   Vol Diff  Functions:
---- --- --- ---   --- ----  ----------
0     20   1   1             @delay_ms1
0    141   6   1   555  3.4  glcd_init
0    118   5   9   764  7.1  glcd_pixel
 Inline        4   498  4.8  glcd_fillScreen
0     37   1   2             @MUL88
0     42   2   2   257  2.8  glcd_writeByte
0     46   2   2   318  2.8  glcd_readByte
0    262  11   0             @const77
0    224   9   0             @const80
0    182   7  17  1475  8.8  glcd_line
1    108   4   6  1036  5.8  glcd_rect
0    485  20  27  3023 11.1  glcd_bar
0     21   1   5             @MUL1616
0    248  10  12  1822  8.6  glcd_circle
0    214   9  23  1550 11.2  glcd_text57
1    322  13   1  2403  6.4  MAIN

Program metrics:
    Functions               11
    Statements              299
    Comments                453
    Volume (V)              20149
    Difficilty (D)          72.7
    Effort to implement (E) 1465590
    Time to implement (T)   22 hours, 37 minutes
    Est Delivered Bugs (B)  4
    Cyclomatic Complexity   49
    Maintainability (MI)    53

 Segment     Used  Free
-----------  ----  ----
00000-00003     4  0  
00004-007FF  2040  4  
00800-00FFF   430  1618  
01000-017FF     0  2048  
01800-01FFF     0  2048  



